<?xml version="1.0" encoding="UTF-8"?>
<!-- Generated by org.testng.reporters.JUnitXMLReporter -->
<testsuite ignored="0" hostname="Arvind" failures="0" tests="3" name="Test" time="13.646" errors="0" timestamp="2024-10-12T16:12:03 IST">
  <testcase classname="com.as.tests.OrangeHRMTest" name="loginLogoutTest" time="4.393"/>
  <testcase classname="com.as.tests.OrangeHRMTest" name="loginLogoutTest" time="4.249"/>
  <testcase classname="com.as.tests.OrangeHRMTest" name="newTest" time="4.266"/>
</testsuite> <!-- Test -->
