<?xml version="1.0" encoding="UTF-8"?>
<testng-results ignored="0" total="1" passed="1" failed="0" skipped="0">
  <reporter-output>
  </reporter-output>
  <suite started-at="2024-01-25T22:31:07 IST" name="Suite" finished-at="2024-01-25T22:31:17 IST" duration-ms="9680">
    <groups>
    </groups>
    <test started-at="2024-01-25T22:31:07 IST" name="Test" finished-at="2024-01-25T22:31:17 IST" duration-ms="9680">
      <class name="com.as.tests.AmazonTest">
        <test-method is-config="true" signature="setup([Ljava.lang.Object;)[pri:0, instance:com.as.tests.AmazonTest@245b4bdc]" started-at="2024-01-25T22:31:08 IST" name="setup" finished-at="2024-01-25T22:31:12 IST" duration-ms="4541" status="PASS">
          <params>
            <param index="0">
              <value>
                <![CDATA[[Ljava.lang.Object;@1b005a0b]]>
              </value>
            </param>
          </params>
          <reporter-output>
          </reporter-output>
        </test-method> <!-- setup -->
        <test-method signature="amazonTest(java.util.Map)[pri:0, instance:com.as.tests.AmazonTest@245b4bdc]" started-at="2024-01-25T22:31:12 IST" name="amazonTest" description="to check whether the amazon test is working fine or not" data-provider="getData" finished-at="2024-01-25T22:31:17 IST" duration-ms="4298" status="PASS">
          <params>
            <param index="0">
              <value>
                <![CDATA[{testname=amazonTest, execute=yes, browser=chrome, username=, password=, fname=, menutext=Laptops}]]>
              </value>
            </param>
          </params>
          <reporter-output>
          </reporter-output>
        </test-method> <!-- amazonTest -->
        <test-method is-config="true" signature="tearDown()[pri:0, instance:com.as.tests.AmazonTest@245b4bdc]" started-at="2024-01-25T22:31:17 IST" name="tearDown" finished-at="2024-01-25T22:31:17 IST" duration-ms="257" status="PASS">
          <reporter-output>
          </reporter-output>
        </test-method> <!-- tearDown -->
      </class> <!-- com.as.tests.AmazonTest -->
    </test> <!-- Test -->
  </suite> <!-- Suite -->
</testng-results>
