<?xml version="1.0" encoding="UTF-8"?>
<testng-results ignored="0" total="3" passed="3" failed="0" skipped="0">
  <reporter-output>
  </reporter-output>
  <suite started-at="2024-10-12T16:11:50 IST" name="Suite" finished-at="2024-10-12T16:12:03 IST" duration-ms="13646">
    <groups>
    </groups>
    <test started-at="2024-10-12T16:11:50 IST" name="Test" finished-at="2024-10-12T16:12:03 IST" duration-ms="13646">
      <class name="com.as.tests.OrangeHRMTest">
        <test-method is-config="true" signature="setup([Ljava.lang.Object;)[pri:0, instance:com.as.tests.OrangeHRMTest@4d5650ae]" started-at="2024-10-12T16:11:50 IST" name="setup" finished-at="2024-10-12T16:11:59 IST" duration-ms="8552" status="PASS">
          <params>
            <param index="0">
              <value>
                <![CDATA[[Ljava.lang.Object;@56078cea]]>
              </value>
            </param>
          </params>
          <reporter-output>
          </reporter-output>
        </test-method> <!-- setup -->
        <test-method is-config="true" signature="setup([Ljava.lang.Object;)[pri:0, instance:com.as.tests.OrangeHRMTest@4d5650ae]" started-at="2024-10-12T16:11:50 IST" name="setup" finished-at="2024-10-12T16:11:58 IST" duration-ms="8040" status="PASS">
          <params>
            <param index="0">
              <value>
                <![CDATA[[Ljava.lang.Object;@36fcf6c0]]>
              </value>
            </param>
          </params>
          <reporter-output>
          </reporter-output>
        </test-method> <!-- setup -->
        <test-method is-config="true" signature="setup([Ljava.lang.Object;)[pri:0, instance:com.as.tests.OrangeHRMTest@4d5650ae]" started-at="2024-10-12T16:11:50 IST" name="setup" finished-at="2024-10-12T16:11:59 IST" duration-ms="8759" status="PASS">
          <params>
            <param index="0">
              <value>
                <![CDATA[[Ljava.lang.Object;@1aac188d]]>
              </value>
            </param>
          </params>
          <reporter-output>
          </reporter-output>
        </test-method> <!-- setup -->
        <test-method signature="loginLogoutTest(java.util.Map)[pri:0, instance:com.as.tests.OrangeHRMTest@4d5650ae]" started-at="2024-10-12T16:11:58 IST" name="loginLogoutTest" description="to check whether the user can successfully login and logout" data-provider="getData" finished-at="2024-10-12T16:12:03 IST" duration-ms="4393" status="PASS">
          <params>
            <param index="0">
              <value>
                <![CDATA[{testname=loginLogouttest, execute=yes, browser=chrome, version=83.0, username=Admin, password=YWRtaW4xMjM=, fname=dhoni, menutext=}]]>
              </value>
            </param>
          </params>
          <reporter-output>
          </reporter-output>
        </test-method> <!-- loginLogoutTest -->
        <test-method signature="loginLogoutTest(java.util.Map)[pri:0, instance:com.as.tests.OrangeHRMTest@4d5650ae]" started-at="2024-10-12T16:11:59 IST" name="loginLogoutTest" description="to check whether the user can successfully login and logout" data-provider="getData" finished-at="2024-10-12T16:12:03 IST" duration-ms="4249" status="PASS">
          <params>
            <param index="0">
              <value>
                <![CDATA[{testname=loginLogouttest, execute=yes, browser=chrome, version=83.0, username=Admin, password=YWRtaW4xMjM=, fname=sachin, menutext=}]]>
              </value>
            </param>
          </params>
          <reporter-output>
          </reporter-output>
        </test-method> <!-- loginLogoutTest -->
        <test-method signature="newTest(java.util.Map)[pri:0, instance:com.as.tests.OrangeHRMTest@4d5650ae]" started-at="2024-10-12T16:11:59 IST" name="newTest" description="to check whether this test is successfully executed or not " data-provider="getData" finished-at="2024-10-12T16:12:03 IST" duration-ms="4266" status="PASS">
          <params>
            <param index="0">
              <value>
                <![CDATA[{testname=newtest, execute=yes, browser=chrome, version=83.0, username=Admin, password=YWRtaW4xMjM=, fname=, menutext=}]]>
              </value>
            </param>
          </params>
          <reporter-output>
          </reporter-output>
        </test-method> <!-- newTest -->
        <test-method is-config="true" signature="tearDown()[pri:0, instance:com.as.tests.OrangeHRMTest@4d5650ae]" started-at="2024-10-12T16:12:03 IST" name="tearDown" finished-at="2024-10-12T16:12:03 IST" duration-ms="120" status="PASS">
          <reporter-output>
          </reporter-output>
        </test-method> <!-- tearDown -->
        <test-method is-config="true" signature="tearDown()[pri:0, instance:com.as.tests.OrangeHRMTest@4d5650ae]" started-at="2024-10-12T16:12:03 IST" name="tearDown" finished-at="2024-10-12T16:12:03 IST" duration-ms="113" status="PASS">
          <reporter-output>
          </reporter-output>
        </test-method> <!-- tearDown -->
        <test-method is-config="true" signature="tearDown()[pri:0, instance:com.as.tests.OrangeHRMTest@4d5650ae]" started-at="2024-10-12T16:12:03 IST" name="tearDown" finished-at="2024-10-12T16:12:03 IST" duration-ms="106" status="PASS">
          <reporter-output>
          </reporter-output>
        </test-method> <!-- tearDown -->
      </class> <!-- com.as.tests.OrangeHRMTest -->
    </test> <!-- Test -->
  </suite> <!-- Suite -->
</testng-results>
